<?xml version="1.0" encoding="UTF-8"?>
<testng-results ignored="0" total="1" passed="1" failed="0" skipped="0">
  <reporter-output>
  </reporter-output>
  <suite started-at="2025-10-14T18:07:57 IST" name="Default suite" finished-at="2025-10-14T18:08:01 IST" duration-ms="4051">
    <groups>
    </groups>
    <test started-at="2025-10-14T18:07:57 IST" name="Default test" finished-at="2025-10-14T18:08:01 IST" duration-ms="4051">
      <class name="testcases.CaseOne">
        <test-method signature="get()[pri:1, instance:testcases.CaseOne@313ac989]" started-at="2025-10-14T18:07:57 IST" name="get" finished-at="2025-10-14T18:08:01 IST" duration-ms="3993" status="PASS">
          <reporter-output>
          </reporter-output>
        </test-method> <!-- get -->
      </class> <!-- testcases.CaseOne -->
    </test> <!-- Default test -->
  </suite> <!-- Default suite -->
</testng-results>
